Assuming unrestricted shared filesystem usage.
host: amarcos
Building DAG of jobs...
Using shell: /usr/bin/bash
Provided cores: 1 (use --cores to define parallelism)
Rules claiming more threads will be scaled down.
Job stats:
job           count
----------  -------
all               1
comparison        1
inicial           1
total             3

Select jobs to execute...
Execute 1 jobs...
[Tue Mar 17 20:21:46 2026]
localrule inicial:
    output: variant_1.fasta, variant_2.fasta
    jobid: 2
    reason: Missing output files: variant_2.fasta, variant_1.fasta
    resources: tmpdir=/tmp
[Tue Mar 17 20:21:49 2026]
Finished jobid: 2 (Rule: inicial)
1 of 3 steps (33%) done
Select jobs to execute...
Execute 1 jobs...
[Tue Mar 17 20:21:49 2026]
localrule comparison:
    input: variant_1.fasta, variant_2.fasta
    output: distancia_final.txt
    jobid: 1
    reason: Missing output files: distancia_final.txt; Input files updated by another job: variant_2.fasta, variant_1.fasta
    resources: tmpdir=/tmp
Traceback (most recent call last):

  File "/home/afonso/anaconda3/envs/lab02/lib/python3.12/site-packages/snakemake/executors/local.py", line 231, in spawn_job
    subprocess.check_call(cmd, shell=True)

  File "/home/afonso/anaconda3/envs/lab02/lib/python3.12/subprocess.py", line 413, in check_call
    raise CalledProcessError(retcode, cmd)

subprocess.CalledProcessError: Command 'cd /home/afonso/bioinf/Vscode/bioinformatica/projeto/code && /home/afonso/anaconda3/envs/lab02/bin/python3.12 -m snakemake --snakefile '/home/afonso/bioinf/Vscode/bioinformatica/projeto/code/pipeline_resultado.smk' --target-jobs 'comparison:' --allowed-rules comparison --cores 1 --attempt 1 --force-use-threads  --force --target-files-omit-workdir-adjustment --max-inventory-time 0 --retries 0 --nocolor --no-hooks --nolock --ignore-incomplete --rerun-triggers params mtime code software-env input --conda-frontend 'conda' --shared-fs-usage source-cache storage-local-copies software-deployment sources input-output persistence --wrapper-prefix 'https://github.com/snakemake/snakemake-wrappers/raw/' --latency-wait 5 --scheduler 'ilp' --local-storage-prefix base64//LnNuYWtlbWFrZS9zdG9yYWdl --scheduler-solver-path '/home/afonso/anaconda3/envs/lab02/bin' --runtime-source-cache-path '/home/afonso/.cache/snakemake/snakemake/source-cache/snakemake-runtime-cache/tmp9e38unb8' --default-resources base64//dG1wZGlyPXN5c3RlbV90bXBkaXI= --quiet progress rules host --mode 'subprocess' --local-groupid 'local'' returned non-zero exit status 1.


During handling of the above exception, another exception occurred:


Traceback (most recent call last):

  File "/home/afonso/anaconda3/envs/lab02/lib/python3.12/concurrent/futures/thread.py", line 59, in run
    result = self.fn(*self.args, **self.kwargs)
             ^^^^^^^^^^^^^^^^^^^^^^^^^^^^^^^^^^

  File "/home/afonso/anaconda3/envs/lab02/lib/python3.12/site-packages/snakemake/executors/local.py", line 236, in cached_or_run
    self.workflow.async_run(self.acached_or_run(job, run_func, *args))

  File "/home/afonso/anaconda3/envs/lab02/lib/python3.12/site-packages/snakemake/workflow.py", line 267, in async_run
    return runner.run(coro)
           ^^^^^^^^^^^^^^^^

  File "/home/afonso/anaconda3/envs/lab02/lib/python3.12/asyncio/runners.py", line 118, in run
    return self._loop.run_until_complete(task)
           ^^^^^^^^^^^^^^^^^^^^^^^^^^^^^^^^^^^

  File "/home/afonso/anaconda3/envs/lab02/lib/python3.12/asyncio/base_events.py", line 691, in run_until_complete
    return future.result()
           ^^^^^^^^^^^^^^^

  File "/home/afonso/anaconda3/envs/lab02/lib/python3.12/site-packages/snakemake/executors/local.py", line 249, in acached_or_run
    run_func(*args)

  File "/home/afonso/anaconda3/envs/lab02/lib/python3.12/site-packages/snakemake/executors/local.py", line 233, in spawn_job
    raise SpawnedJobError()

snakemake.exceptions.SpawnedJobError

[Tue Mar 17 20:21:51 2026]
Error in rule comparison:
    message: None
    jobid: 1
    input: variant_1.fasta, variant_2.fasta
    output: distancia_final.txt
Shutting down, this might take some time.
Exiting because a job execution failed. Look below for error messages
[Tue Mar 17 20:21:51 2026]
Error in rule comparison:
    message: None
    jobid: 1
    input: variant_1.fasta, variant_2.fasta
    output: distancia_final.txt
Complete log(s): /home/afonso/bioinf/Vscode/bioinformatica/projeto/code/.snakemake/log/2026-03-17T202146.490280.snakemake.log
WorkflowError:
At least one job did not complete successfully.
