Assuming unrestricted shared filesystem usage.
host: amarcos
Building DAG of jobs...
Using shell: /usr/bin/bash
Provided cores: 1 (use --cores to define parallelism)
Rules claiming more threads will be scaled down.
Job stats:
job                          count
-------------------------  -------
comparison_sliding_window        1
total                            1

Select jobs to execute...
Execute 1 jobs...
[Tue Mar 17 20:58:09 2026]
localrule comparison_sliding_window:
    input: zika_ref.fasta, zika_brazil.fasta
    output: resultado_genoma_completo.txt
    jobid: 0
    reason: Missing output files: resultado_genoma_completo.txt
    resources: tmpdir=/tmp
Traceback (most recent call last):

  File "/home/afonso/anaconda3/envs/lab02/lib/python3.12/site-packages/snakemake/executors/local.py", line 231, in spawn_job
    subprocess.check_call(cmd, shell=True)

  File "/home/afonso/anaconda3/envs/lab02/lib/python3.12/subprocess.py", line 413, in check_call
    raise CalledProcessError(retcode, cmd)

subprocess.CalledProcessError: Command 'cd /home/afonso/bioinf/Vscode/bioinformatica/projeto/code && /home/afonso/anaconda3/envs/lab02/bin/python3.12 -m snakemake --snakefile '/home/afonso/bioinf/Vscode/bioinformatica/projeto/code/pipeline_resultado.smk' --target-jobs 'comparison_sliding_window:' --allowed-rules comparison_sliding_window --cores 1 --attempt 1 --force-use-threads  --force --target-files-omit-workdir-adjustment --max-inventory-time 0 --retries 0 --nocolor --no-hooks --nolock --ignore-incomplete --rerun-triggers input params mtime software-env code --conda-frontend 'conda' --shared-fs-usage sources persistence source-cache software-deployment input-output storage-local-copies --wrapper-prefix 'https://github.com/snakemake/snakemake-wrappers/raw/' --latency-wait 5 --scheduler 'ilp' --local-storage-prefix base64//LnNuYWtlbWFrZS9zdG9yYWdl --scheduler-solver-path '/home/afonso/anaconda3/envs/lab02/bin' --runtime-source-cache-path '/home/afonso/.cache/snakemake/snakemake/source-cache/snakemake-runtime-cache/tmppicuqr0r' --default-resources base64//dG1wZGlyPXN5c3RlbV90bXBkaXI= --quiet progress rules host --mode 'subprocess' --local-groupid 'local'' returned non-zero exit status 1.


During handling of the above exception, another exception occurred:


Traceback (most recent call last):

  File "/home/afonso/anaconda3/envs/lab02/lib/python3.12/concurrent/futures/thread.py", line 59, in run
    result = self.fn(*self.args, **self.kwargs)
             ^^^^^^^^^^^^^^^^^^^^^^^^^^^^^^^^^^

  File "/home/afonso/anaconda3/envs/lab02/lib/python3.12/site-packages/snakemake/executors/local.py", line 236, in cached_or_run
    self.workflow.async_run(self.acached_or_run(job, run_func, *args))

  File "/home/afonso/anaconda3/envs/lab02/lib/python3.12/site-packages/snakemake/workflow.py", line 267, in async_run
    return runner.run(coro)
           ^^^^^^^^^^^^^^^^

  File "/home/afonso/anaconda3/envs/lab02/lib/python3.12/asyncio/runners.py", line 118, in run
    return self._loop.run_until_complete(task)
           ^^^^^^^^^^^^^^^^^^^^^^^^^^^^^^^^^^^

  File "/home/afonso/anaconda3/envs/lab02/lib/python3.12/asyncio/base_events.py", line 691, in run_until_complete
    return future.result()
           ^^^^^^^^^^^^^^^

  File "/home/afonso/anaconda3/envs/lab02/lib/python3.12/site-packages/snakemake/executors/local.py", line 249, in acached_or_run
    run_func(*args)

  File "/home/afonso/anaconda3/envs/lab02/lib/python3.12/site-packages/snakemake/executors/local.py", line 233, in spawn_job
    raise SpawnedJobError()

snakemake.exceptions.SpawnedJobError

[Tue Mar 17 20:58:11 2026]
Error in rule comparison_sliding_window:
    message: None
    jobid: 0
    input: zika_ref.fasta, zika_brazil.fasta
    output: resultado_genoma_completo.txt
Shutting down, this might take some time.
Exiting because a job execution failed. Look below for error messages
[Tue Mar 17 20:58:11 2026]
Error in rule comparison_sliding_window:
    message: None
    jobid: 0
    input: zika_ref.fasta, zika_brazil.fasta
    output: resultado_genoma_completo.txt
Complete log(s): /home/afonso/bioinf/Vscode/bioinformatica/projeto/code/.snakemake/log/2026-03-17T205809.724182.snakemake.log
WorkflowError:
At least one job did not complete successfully.
