Assuming unrestricted shared filesystem usage.
host: amarcos
Building DAG of jobs...
Using shell: /usr/bin/bash
Provided cores: 1 (use --cores to define parallelism)
Rules claiming more threads will be scaled down.
Job stats:
job                       count
----------------------  -------
all                           1
compare_small_segments        1
download_sequences            1
total                         3

Select jobs to execute...
Execute 1 jobs...
[Tue Mar 17 20:37:17 2026]
localrule download_sequences:
    output: zika_ref.fasta, zika_brazil.fasta
    jobid: 2
    reason: Missing output files: zika_brazil.fasta, zika_ref.fasta
    resources: tmpdir=/tmp
[Tue Mar 17 20:37:22 2026]
Finished jobid: 2 (Rule: download_sequences)
1 of 3 steps (33%) done
Select jobs to execute...
Execute 1 jobs...
[Tue Mar 17 20:37:22 2026]
localrule compare_small_segments:
    input: zika_ref.fasta, zika_brazil.fasta
    output: resultado_workshop.txt
    jobid: 1
    reason: Missing output files: resultado_workshop.txt; Input files updated by another job: zika_brazil.fasta, zika_ref.fasta
    resources: tmpdir=/tmp
[Tue Mar 17 20:37:24 2026]
Finished jobid: 1 (Rule: compare_small_segments)
2 of 3 steps (67%) done
Select jobs to execute...
Execute 1 jobs...
[Tue Mar 17 20:37:24 2026]
localrule all:
    input: resultado_workshop.txt
    jobid: 0
    reason: Input files updated by another job: resultado_workshop.txt
    resources: tmpdir=/tmp
[Tue Mar 17 20:37:24 2026]
Finished jobid: 0 (Rule: all)
3 of 3 steps (100%) done
Complete log(s): /home/afonso/bioinf/Vscode/bioinformatica/projeto/code/.snakemake/log/2026-03-17T203717.364299.snakemake.log
