Assuming unrestricted shared filesystem usage.
host: amarcos
Building DAG of jobs...
Using shell: /usr/bin/bash
Provided cores: 1 (use --cores to define parallelism)
Rules claiming more threads will be scaled down.
Job stats:
job           count
----------  -------
all               1
comparison        1
inicial           1
total             3

Select jobs to execute...
Execute 1 jobs...
[Tue Mar 17 20:15:41 2026]
localrule inicial:
    output: variant_1.fasta, variant_2.fasta
    jobid: 2
    reason: Missing output files: variant_1.fasta, variant_2.fasta
    resources: tmpdir=/tmp
[Tue Mar 17 20:15:46 2026]
Finished jobid: 2 (Rule: inicial)
1 of 3 steps (33%) done
Select jobs to execute...
Execute 1 jobs...
[Tue Mar 17 20:15:46 2026]
localrule comparison:
    input: variant_1.fasta, variant_2.fasta
    output: output.txt
    jobid: 1
    reason: Missing output files: output.txt; Input files updated by another job: variant_1.fasta, variant_2.fasta
    resources: tmpdir=/tmp
[Tue Mar 17 20:15:48 2026]
Finished jobid: 1 (Rule: comparison)
2 of 3 steps (67%) done
Select jobs to execute...
Execute 1 jobs...
[Tue Mar 17 20:15:48 2026]
localrule all:
    input: output.txt
    jobid: 0
    reason: Input files updated by another job: output.txt
    resources: tmpdir=/tmp
[Tue Mar 17 20:15:48 2026]
Finished jobid: 0 (Rule: all)
3 of 3 steps (100%) done
Complete log(s): /home/afonso/bioinf/Vscode/bioinformatica/projeto/code/.snakemake/log/2026-03-17T201541.592813.snakemake.log
